#
# There is insufficient memory for the Java Runtime Environment to continue.
# Native memory allocation (malloc) failed to allocate 231856 bytes for Chunk::new
# Possible reasons:
#   The system is out of physical RAM or swap space
#   In 32 bit mode, the process size limit was hit
# Possible solutions:
#   Reduce memory load on the system
#   Increase physical memory or swap space
#   Check if swap backing store is full
#   Use 64 bit Java on a 64 bit OS
#   Decrease Java heap size (-Xmx/-Xms)
#   Decrease number of Java threads
#   Decrease Java thread stack sizes (-Xss)
#   Set larger code cache with -XX:ReservedCodeCacheSize=
# This output file may be truncated or incomplete.
#
#  Out of Memory Error (allocation.cpp:328), pid=6924, tid=7920
#
# JRE version: 7.0_10-b18
# Java VM: Java HotSpot(TM) 64-Bit Server VM (23.6-b04 mixed mode windows-amd64 compressed oops)
# Failed to write core dump. Minidumps are not enabled by default on client versions of Windows
#

---------------  T H R E A D  ---------------

Current thread (0x000000000578f800):  JavaThread "C2 CompilerThread1" daemon [_thread_in_native, id=7920, stack(0x0000000006280000,0x0000000006380000)]

Stack: [0x0000000006280000,0x0000000006380000]

Current CompileTask:
C2:   4999    1 % !         com.sun.imageio.plugins.png.PNGImageReader::decodePass @ 1067 (1199 bytes)


---------------  P R O C E S S  ---------------

Java Threads: ( => current thread )
  0x000000000224c800 JavaThread "DestroyJavaVM" [_thread_blocked, id=6900, stack(0x00000000022c0000,0x00000000023c0000)]
  0x0000000006926800 JavaThread "D3D Screen Updater" daemon [_thread_blocked, id=7492, stack(0x0000000009e70000,0x0000000009f70000)]
  0x00000000058ac800 JavaThread "AWT-EventQueue-0" [_thread_blocked, id=7788, stack(0x0000000009a90000,0x0000000009b90000)]
  0x000000000589d000 JavaThread "AWT-Windows" daemon [_thread_in_native, id=6600, stack(0x0000000007070000,0x0000000007170000)]
  0x000000000589c000 JavaThread "AWT-Shutdown" [_thread_blocked, id=7680, stack(0x0000000006ef0000,0x0000000006ff0000)]
  0x0000000006860800 JavaThread "Java2D Disposer" daemon [_thread_blocked, id=7464, stack(0x0000000006d20000,0x0000000006e20000)]
  0x0000000005790000 JavaThread "Service Thread" daemon [_thread_blocked, id=4460, stack(0x0000000006450000,0x0000000006550000)]
=>0x000000000578f800 JavaThread "C2 CompilerThread1" daemon [_thread_in_native, id=7920, stack(0x0000000006280000,0x0000000006380000)]
  0x000000000578b000 JavaThread "C2 CompilerThread0" daemon [_thread_blocked, id=6736, stack(0x00000000060f0000,0x00000000061f0000)]
  0x0000000005780000 JavaThread "Attach Listener" daemon [_thread_blocked, id=4892, stack(0x0000000005f30000,0x0000000006030000)]
  0x000000000577c800 JavaThread "Signal Dispatcher" daemon [_thread_blocked, id=7280, stack(0x0000000005c40000,0x0000000005d40000)]
  0x00000000056f4800 JavaThread "Finalizer" daemon [_thread_blocked, id=8156, stack(0x0000000005db0000,0x0000000005eb0000)]
  0x00000000056ed800 JavaThread "Reference Handler" daemon [_thread_blocked, id=4392, stack(0x0000000005b10000,0x0000000005c10000)]

Other Threads:
  0x00000000056e8800 VMThread [stack: 0x00000000059b0000,0x0000000005ab0000] [id=7228]
  0x00000000057a1800 WatcherThread [stack: 0x0000000006720000,0x0000000006820000] [id=6484]

VM state:not at safepoint (normal execution)

VM Mutex/Monitor currently owned by a thread: None

Heap
 def new generation   total 7296K, used 2258K [0x00000000e3200000, 0x00000000e39e0000, 0x00000000eb0a0000)
  eden space 6528K,  34% used [0x00000000e3200000, 0x00000000e3434a38, 0x00000000e3860000)
  from space 768K,   0% used [0x00000000e3860000, 0x00000000e3860000, 0x00000000e3920000)
  to   space 768K,   0% used [0x00000000e3920000, 0x00000000e3920000, 0x00000000e39e0000)
 tenured generation   total 16192K, used 0K [0x00000000eb0a0000, 0x00000000ec070000, 0x00000000fae00000)
   the space 16192K,   0% used [0x00000000eb0a0000, 0x00000000eb0a0000, 0x00000000eb0a0200, 0x00000000ec070000)
 compacting perm gen  total 21248K, used 9694K [0x00000000fae00000, 0x00000000fc2c0000, 0x0000000100000000)
   the space 21248K,  45% used [0x00000000fae00000, 0x00000000fb777a80, 0x00000000fb777c00, 0x00000000fc2c0000)
No shared spaces configured.

Card table byte_map: [0x0000000005540000,0x0000000005630000] byte_map_base: 0x0000000004e27000

Polling page: 0x0000000000220000

Code Cache  [0x0000000002480000, 0x00000000026f0000, 0x0000000005480000)
 total_blobs=429 nmethods=13 adapters=368 free_code_cache=48631Kb largest_free_block=49784768

Compilation events (10 events):
Event: 4.639 Thread 0x000000000578b000   10             java.awt.image.MultiPixelPackedSampleModel::getPixel (124 bytes)
Event: 4.643 Thread 0x000000000578f800 nmethod 9 0x0000000002501a90 code [0x0000000002501be0, 0x0000000002501db8]
Event: 4.645 Thread 0x000000000578f800   11             java.awt.image.WritableRaster::setPixel (25 bytes)
Event: 4.646 Thread 0x000000000578b000 nmethod 10 0x00000000025015d0 code [0x0000000002501720, 0x0000000002501898]
Event: 4.649 Thread 0x000000000578b000   12             java.awt.image.MultiPixelPackedSampleModel::setPixel (133 bytes)
Event: 4.654 Thread 0x000000000578f800 nmethod 11 0x0000000002500f50 code [0x00000000025010a0, 0x0000000002501298]
Event: 4.654 Thread 0x000000000578f800   13             java.awt.image.DataBufferByte::setElem (21 bytes)
Event: 4.656 Thread 0x000000000578f800 nmethod 13 0x0000000002500c90 code [0x0000000002500dc0, 0x0000000002500e78]
Event: 4.657 Thread 0x000000000578b000 nmethod 12 0x0000000002505310 code [0x0000000002505460, 0x00000000025055f8]
Event: 4.660 Thread 0x000000000578f800    1 % !         com.sun.imageio.plugins.png.PNGImageReader::decodePass @ 1067 (1199 bytes)

GC Heap History (0 events):
No events

Deoptimization events (0 events):
No events

Internal exceptions (10 events):
Event: 0.843 Thread 0x000000000224c800 Threw 0x00000000e326f4a0 at C:\jdk7u2_64p\jdk7u10\hotspot\src\share\vm\prims\jvm.cpp:1166
Event: 0.846 Thread 0x000000000224c800 Threw 0x00000000e3273210 at C:\jdk7u2_64p\jdk7u10\hotspot\src\share\vm\prims\jvm.cpp:1166
Event: 0.846 Thread 0x000000000224c800 Threw 0x00000000e3273338 at C:\jdk7u2_64p\jdk7u10\hotspot\src\share\vm\prims\jvm.cpp:1166
Event: 0.922 Thread 0x000000000224c800 Threw 0x00000000e3274a58 at C:\jdk7u2_64p\jdk7u10\hotspot\src\share\vm\prims\jni.cpp:716
Event: 1.404 Thread 0x000000000224c800 Threw 0x00000000e32ead48 at C:\jdk7u2_64p\jdk7u10\hotspot\src\share\vm\prims\jni.cpp:716
Event: 1.438 Thread 0x000000000224c800 Threw 0x00000000e32f0508 at C:\jdk7u2_64p\jdk7u10\hotspot\src\share\vm\prims\jvm.cpp:1166
Event: 1.438 Thread 0x000000000224c800 Threw 0x00000000e32f14c8 at C:\jdk7u2_64p\jdk7u10\hotspot\src\share\vm\prims\jvm.cpp:1166
Event: 1.443 Thread 0x000000000224c800 Threw 0x00000000e32f5718 at C:\jdk7u2_64p\jdk7u10\hotspot\src\share\vm\prims\jvm.cpp:1166
Event: 1.443 Thread 0x000000000224c800 Threw 0x00000000e32f66d8 at C:\jdk7u2_64p\jdk7u10\hotspot\src\share\vm\prims\jvm.cpp:1166
Event: 4.683 Thread 0x000000000224c800 Threw 0x00000000e34051c8 at C:\jdk7u2_64p\jdk7u10\hotspot\src\share\vm\prims\jvm.cpp:1166

Events (10 events):
Event: 4.677 loading class 0x00000000069af5f0
Event: 4.677 loading class 0x00000000069af5f0 done
Event: 4.678 loading class 0x00000000069afd00
Event: 4.678 loading class 0x00000000069afd00 done
Event: 4.678 loading class 0x00000000069b0820
Event: 4.678 loading class 0x00000000069b0850
Event: 4.679 loading class 0x00000000069b0850 done
Event: 4.679 loading class 0x00000000069b0820 done
Event: 4.683 loading class 0x00000000057a6f20
Event: 4.683 loading class 0x00000000057a6f20 done


Dynamic libraries:
0x000000013ff30000 - 0x000000013ff63000 	C:\Program Files\Java\jre7\bin\javaw.exe
0x0000000077a10000 - 0x0000000077bb9000 	C:\Windows\SYSTEM32\ntdll.dll
0x00000000777f0000 - 0x000000007790f000 	C:\Windows\system32\kernel32.dll
0x000007fefe1d0000 - 0x000007fefe23b000 	C:\Windows\system32\KERNELBASE.dll
0x000007fefe400000 - 0x000007fefe4db000 	C:\Windows\system32\ADVAPI32.dll
0x000007feffc00000 - 0x000007feffc9f000 	C:\Windows\system32\msvcrt.dll
0x000007feffd00000 - 0x000007feffd1f000 	C:\Windows\SYSTEM32\sechost.dll
0x000007feffad0000 - 0x000007feffbfd000 	C:\Windows\system32\RPCRT4.dll
0x0000000077910000 - 0x0000000077a0a000 	C:\Windows\system32\USER32.dll
0x000007fefe640000 - 0x000007fefe6a7000 	C:\Windows\system32\GDI32.dll
0x000007fefe3f0000 - 0x000007fefe3fe000 	C:\Windows\system32\LPK.dll
0x000007fefe8c0000 - 0x000007fefe989000 	C:\Windows\system32\USP10.dll
0x000007fefc7e0000 - 0x000007fefc9d4000 	C:\Windows\WinSxS\amd64_microsoft.windows.common-controls_6595b64144ccf1df_6.0.7601.17514_none_fa396087175ac9ac\COMCTL32.dll
0x000007feffa50000 - 0x000007feffac1000 	C:\Windows\system32\SHLWAPI.dll
0x000007feff980000 - 0x000007feff9ae000 	C:\Windows\system32\IMM32.DLL
0x000007fefe2e0000 - 0x000007fefe3e9000 	C:\Windows\system32\MSCTF.dll
0x0000000074e20000 - 0x0000000074ef1000 	C:\Program Files\Java\jre7\bin\msvcr100.dll
0x0000000070e40000 - 0x000000007155f000 	C:\Program Files\Java\jre7\bin\server\jvm.dll
0x000007fef3d00000 - 0x000007fef3d09000 	C:\Windows\system32\WSOCK32.dll
0x000007feffcb0000 - 0x000007feffcfd000 	C:\Windows\system32\WS2_32.dll
0x000007feffca0000 - 0x000007feffca8000 	C:\Windows\system32\NSI.dll
0x000007fefaea0000 - 0x000007fefaedb000 	C:\Windows\system32\WINMM.dll
0x0000000077be0000 - 0x0000000077be7000 	C:\Windows\system32\PSAPI.DLL
0x0000000074e10000 - 0x0000000074e1f000 	C:\Program Files\Java\jre7\bin\verify.dll
0x0000000074de0000 - 0x0000000074e08000 	C:\Program Files\Java\jre7\bin\java.dll
0x0000000074dc0000 - 0x0000000074dd5000 	C:\Program Files\Java\jre7\bin\zip.dll
0x0000000068c40000 - 0x0000000068dd3000 	C:\Program Files\Java\jre7\bin\awt.dll
0x000007fefe4e0000 - 0x000007fefe5b7000 	C:\Windows\system32\OLEAUT32.dll
0x000007fefe6b0000 - 0x000007fefe8b3000 	C:\Windows\system32\ole32.dll
0x000007fefc600000 - 0x000007fefc656000 	C:\Windows\system32\uxtheme.dll
0x000007fefc1d0000 - 0x000007fefc1e8000 	C:\Windows\system32\dwmapi.dll
0x000007fefdd60000 - 0x000007fefdd6f000 	C:\Windows\system32\CRYPTBASE.dll
0x000007fefebf0000 - 0x000007feff978000 	C:\Windows\system32\SHELL32.dll
0x000007fee9970000 - 0x000007fee9b6f000 	C:\Windows\system32\d3d9.dll
0x000007fefce00000 - 0x000007fefce0c000 	C:\Windows\system32\VERSION.dll
0x000007fef3ee0000 - 0x000007fef3ee7000 	C:\Windows\system32\d3d8thk.dll
0x0000000073ad0000 - 0x0000000073baa000 	C:\Windows\system32\aticfx64.dll
0x000007fef2370000 - 0x000007fef237d000 	C:\Windows\system32\atiu9p64.dll
0x000000006e6e0000 - 0x000000006ec17000 	C:\Windows\system32\atiumd64.dll
0x000000006ed70000 - 0x000000006f151000 	C:\Windows\system32\atiumd6a.dll
0x0000000068c00000 - 0x0000000068c34000 	C:\Program Files\Java\jre7\bin\fontmanager.dll
0x000007feff9b0000 - 0x000007feffa49000 	C:\Windows\system32\CLBCatQ.DLL
0x0000000074c00000 - 0x0000000074c19000 	C:\Program Files\Java\jre7\bin\net.dll
0x000007fefd6a0000 - 0x000007fefd6f5000 	C:\Windows\system32\mswsock.dll
0x000007fefd690000 - 0x000007fefd697000 	C:\Windows\System32\wship6.dll
0x0000000074be0000 - 0x0000000074bf1000 	C:\Program Files\Java\jre7\bin\nio.dll
0x0000000068bb0000 - 0x0000000068bf1000 	C:\Program Files\Java\jre7\bin\t2k.dll
0x000007fefc060000 - 0x000007fefc18a000 	C:\Windows\system32\WindowsCodecs.dll
0x000007fefdd00000 - 0x000007fefdd57000 	C:\Windows\system32\apphelp.dll
0x000007fef9cd0000 - 0x000007fef9d05000 	C:\Windows\system32\EhStorShell.dll
0x000007fefea10000 - 0x000007fefebe7000 	C:\Windows\system32\SETUPAPI.dll
0x000007fefe170000 - 0x000007fefe1a6000 	C:\Windows\system32\CFGMGR32.dll
0x000007fefe1b0000 - 0x000007fefe1ca000 	C:\Windows\system32\DEVOBJ.dll
0x000007fefc660000 - 0x000007fefc78c000 	C:\Windows\system32\PROPSYS.dll
0x000007fef9c10000 - 0x000007fef9cd0000 	C:\Program Files (x86)\Google\Drive\googledrivesync64.dll
0x0000000073530000 - 0x0000000073603000 	C:\Program Files (x86)\Google\Drive\Microsoft.VC90.CRT\MSVCP90.dll
0x0000000073480000 - 0x0000000073523000 	C:\Program Files (x86)\Google\Drive\Microsoft.VC90.CRT\MSVCR90.dll
0x000007fef8cb0000 - 0x000007fef9322000 	C:\PROGRA~1\MICROS~1\Office14\GROOVEEX.DLL
0x00000000732a0000 - 0x000000007333d000 	C:\Windows\WinSxS\amd64_microsoft.vc90.crt_1fc8b3b9a1e18e3b_9.0.30729.4940_none_08e4299fa83d7e3c\MSVCR90.dll
0x00000000731c0000 - 0x0000000073293000 	C:\Windows\WinSxS\amd64_microsoft.vc90.crt_1fc8b3b9a1e18e3b_9.0.30729.4940_none_08e4299fa83d7e3c\MSVCP90.dll
0x0000000073190000 - 0x00000000731bf000 	C:\Windows\WinSxS\amd64_microsoft.vc90.atl_1fc8b3b9a1e18e3b_9.0.30729.4148_none_0a1d2fcba76b3f00\ATL90.DLL
0x000007fef88a0000 - 0x000007fef8caf000 	C:\PROGRA~1\COMMON~1\MICROS~1\OFFICE14\Cultures\office.odf
0x000007fef8030000 - 0x000007fef8894000 	C:\PROGRA~1\MICROS~1\Office14\1033\GrooveIntlResource.dll

VM Arguments:
jvm_args: -Dfile.encoding=Cp1252 
java_command: OCREngine
Launcher Type: SUN_STANDARD

Environment Variables:
PATH=C:\Program Files (x86)\AMD APP\bin\x86_64;C:\Program Files (x86)\AMD APP\bin\x86;C:\Program Files\Common Files\Microsoft Shared\Windows Live;C:\Program Files (x86)\Common Files\Microsoft Shared\Windows Live;C:\Windows\system32;C:\Windows;C:\Windows\System32\Wbem;C:\Windows\System32\WindowsPowerShell\v1.0\;C:\Program Files (x86)\Windows Live\Shared;C:\Program Files (x86)\ATI Technologies\ATI.ACE\Core-Static;C:\Program Files (x86)\Microsoft SQL Server\90\Tools\binn\;C:\Program Files\Java\jdk1.7.0_10\bin;D:\Software Development Lab
USERNAME=Elcot
OS=Windows_NT
PROCESSOR_IDENTIFIER=AMD64 Family 18 Model 1 Stepping 0, AuthenticAMD



---------------  S Y S T E M  ---------------

OS: Windows 7 , 64 bit Build 7601 Service Pack 1

CPU:total 2 (2 cores per cpu, 1 threads per core) family 18 model 1 stepping 0, cmov, cx8, fxsr, mmx, sse, sse2, sse3, popcnt, mmxext, 3dnowpref, lzcnt, sse4a, tsc, tscinvbit, tscinv

Memory: 4k page, physical 1549728k(75568k free), swap 6198912k(5208k free)

vm_info: Java HotSpot(TM) 64-Bit Server VM (23.6-b04) for windows-amd64 JRE (1.7.0_10-b18), built on Nov 28 2012 05:00:40 by "java_re" with unknown MS VC++:1600

time: Tue Sep 03 13:50:28 2013
elapsed time: 5 seconds

